============================= test session starts =============================
platform win32 -- Python 3.12.1, pytest-9.1.1, pluggy-1.6.0 -- C:\Users\DELL\AppData\Local\Programs\Python\Python312\python.exe
cachedir: .pytest_cache
rootdir: C:\Users\DELL\Desktop\last\grad_trial
plugins: anyio-4.12.0, cov-7.1.0
collecting ... collected 315 items

backend/tests/test_admin_sdk.py::test_admin_sdk_mode_initializes_and_reads_user_scoped PASSED [  0%]
backend/tests/test_admin_sdk.py::test_rest_mode_is_fallback_without_credentials PASSED [  0%]
backend/tests/test_admin_sdk.py::test_unauthorized_rest_read_reports_clear_error PASSED [  0%]
backend/tests/test_admin_sdk.py::test_admin_error_recorded_on_bad_credentials PASSED [  1%]
backend/tests/test_admin_sdk.py::test_admin_mode_never_uses_simulator PASSED [  1%]
backend/tests/test_admin_sdk.py::test_service_account_files_are_gitignored PASSED [  1%]
backend/tests/test_alert_engine.py::test_normal_reading_has_no_current_alerts PASSED [  2%]
backend/tests/test_alert_engine.py::test_elevated_hr_resting_is_warning_but_active_is_watch PASSED [  2%]
backend/tests/test_alert_engine.py::test_very_high_hr_context_aware PASSED [  2%]
backend/tests/test_alert_engine.py::test_low_spo2_warning_then_critical PASSED [  3%]
backend/tests/test_alert_engine.py::test_fever_alert PASSED              [  3%]
backend/tests/test_alert_engine.py::test_blood_pressure_alerts PASSED    [  3%]
backend/tests/test_alert_engine.py::test_fall_is_critical_with_emergency_guidance PASSED [  4%]
backend/tests/test_alert_engine.py::test_low_battery_alert_only_when_low PASSED [  4%]
backend/tests/test_alert_engine.py::test_disconnected_device_creates_alert PASSED [  4%]
backend/tests/test_alert_engine.py::test_rapid_hr_rise_window_alert PASSED [  5%]
backend/tests/test_alert_engine.py::test_history_alerts_labelled_not_current PASSED [  5%]
backend/tests/test_alert_engine.py::test_helpers PASSED                  [  5%]
backend/tests/test_alert_engine.py::test_api_alerts_current_shape PASSED [  6%]
backend/tests/test_anomaly_detection.py::test_validate_telemetry_accepts_well_formed_payload PASSED [  6%]
backend/tests/test_anomaly_detection.py::test_validate_telemetry_missing_field_rejected PASSED [  6%]
backend/tests/test_anomaly_detection.py::test_validate_telemetry_rejects_impossible_values[heart_rate-5] PASSED [  6%]
backend/tests/test_anomaly_detection.py::test_validate_telemetry_rejects_impossible_values[heart_rate-400] PASSED [  7%]
backend/tests/test_anomaly_detection.py::test_validate_telemetry_rejects_impossible_values[spo2-30] PASSED [  7%]
backend/tests/test_anomaly_detection.py::test_validate_telemetry_rejects_impossible_values[spo2-150] PASSED [  7%]
backend/tests/test_anomaly_detection.py::test_validate_telemetry_rejects_impossible_values[temperature_c-10] PASSED [  8%]
backend/tests/test_anomaly_detection.py::test_validate_telemetry_rejects_impossible_values[temperature_c-60] PASSED [  8%]
backend/tests/test_anomaly_detection.py::test_validate_telemetry_rejects_impossible_values[steps--1] PASSED [  8%]
backend/tests/test_anomaly_detection.py::test_validate_telemetry_rejects_non_dict PASSED [  9%]
backend/tests/test_anomaly_detection.py::test_normal_case_returns_normal PASSED [  9%]
backend/tests/test_anomaly_detection.py::test_low_heart_rate_is_warning PASSED [  9%]
backend/tests/test_anomaly_detection.py::test_critical_bradycardia_is_high PASSED [ 10%]
backend/tests/test_anomaly_detection.py::test_critical_tachycardia_is_high PASSED [ 10%]
backend/tests/test_anomaly_detection.py::test_low_spo2_warning_then_critical PASSED [ 10%]
backend/tests/test_anomaly_detection.py::test_high_fever_is_high_risk PASSED [ 11%]
backend/tests/test_anomaly_detection.py::test_overheating_combined_rule_fires PASSED [ 11%]
backend/tests/test_anomaly_detection.py::test_oxygen_deficiency_combined_rule_fires PASSED [ 11%]
backend/tests/test_anomaly_detection.py::test_rest_stress_pattern_warning PASSED [ 12%]
backend/tests/test_anomaly_detection.py::test_hypothermia_warning PASSED [ 12%]
backend/tests/test_anomaly_detection.py::test_missing_optional_steps_uses_default_zero PASSED [ 12%]
backend/tests/test_anomaly_detection.py::test_battery_level_is_optional_and_omitted_when_absent PASSED [ 13%]
backend/tests/test_anomaly_detection.py::test_battery_level_stored_when_present PASSED [ 13%]
backend/tests/test_anomaly_detection.py::test_battery_level_out_of_range_rejected PASSED [ 13%]
backend/tests/test_anomaly_detection.py::test_low_battery_does_not_change_vitals_risk PASSED [ 13%]
backend/tests/test_anomaly_detection.py::test_normalize_temperature_handles_units_and_garbage PASSED [ 14%]
backend/tests/test_anomaly_detection.py::test_validate_accepts_legacy_temperature_f PASSED [ 14%]
backend/tests/test_anomaly_detection.py::test_validate_rejects_garbage_temperature PASSED [ 14%]
backend/tests/test_anomaly_detection.py::test_battery_status_thresholds PASSED [ 15%]
backend/tests/test_anomaly_detection.py::test_source_optional_and_validated PASSED [ 15%]
backend/tests/test_anomaly_detection.py::test_invalid_source_rejected PASSED [ 15%]
backend/tests/test_anomaly_detection.py::test_wellness_score_high_for_healthy_vitals PASSED [ 16%]
backend/tests/test_anomaly_detection.py::test_wellness_score_drops_for_bad_vitals PASSED [ 16%]
backend/tests/test_anomaly_detection.py::test_wellness_score_in_analysis_output PASSED [ 16%]
backend/tests/test_anomaly_detection.py::test_activity_level_optional_and_validated PASSED [ 17%]
backend/tests/test_anomaly_detection.py::test_classify_activity_levels PASSED [ 17%]
backend/tests/test_anomaly_detection.py::test_stress_high_when_hr_elevated_and_still PASSED [ 17%]
backend/tests/test_anomaly_detection.py::test_stress_relaxed_when_calm PASSED [ 18%]
backend/tests/test_anomaly_detection.py::test_exercise_is_not_flagged_as_stress PASSED [ 18%]
backend/tests/test_anomaly_detection.py::test_analyze_includes_activity_and_stress PASSED [ 18%]
backend/tests/test_assistant.py::test_nlu_classifies_status_check PASSED [ 19%]
backend/tests/test_assistant.py::test_nlu_classifies_metric_query PASSED [ 19%]
backend/tests/test_assistant.py::test_nlu_classifies_compare_query PASSED [ 19%]
backend/tests/test_assistant.py::test_nlu_classifies_symptom PASSED      [ 20%]
backend/tests/test_assistant.py::test_nlu_classifies_tip_request PASSED  [ 20%]
backend/tests/test_assistant.py::test_nlu_classifies_emergency PASSED    [ 20%]
backend/tests/test_assistant.py::test_nlu_classifies_greeting_and_thanks PASSED [ 20%]
backend/tests/test_assistant.py::test_nlu_classifies_meta PASSED         [ 21%]
backend/tests/test_assistant.py::test_nlu_classifies_general_health PASSED [ 21%]
backend/tests/test_assistant.py::test_status_check_with_normal_vitals_mentions_numbers PASSED [ 21%]
backend/tests/test_assistant.py::test_high_risk_status_check_includes_emergency_language PASSED [ 22%]
backend/tests/test_assistant.py::test_metric_query_returns_specific_explanation PASSED [ 22%]
backend/tests/test_assistant.py::test_symptom_dizzy_returns_playbook PASSED [ 22%]
backend/tests/test_assistant.py::test_tip_request_returns_tips PASSED    [ 23%]
backend/tests/test_assistant.py::test_tip_request_burn_calories_routes_to_exercise PASSED [ 23%]
backend/tests/test_assistant.py::test_emergency_message_includes_emergency_number PASSED [ 23%]
backend/tests/test_assistant.py::test_empty_message_handled_gracefully PASSED [ 24%]
backend/tests/test_assistant.py::test_memory_remembers_intent_across_turns PASSED [ 24%]
backend/tests/test_assistant.py::test_no_telemetry_handled PASSED        [ 24%]
backend/tests/test_assistant.py::test_no_doctor_disclaimer_in_normal_replies PASSED [ 25%]
backend/tests/test_assistant.py::test_project_says_data_is_simulated PASSED [ 25%]
backend/tests/test_assistant.py::test_project_lists_ml_models PASSED     [ 25%]
backend/tests/test_assistant.py::test_secret_probe_is_refused PASSED     [ 26%]
backend/tests/test_assistant.py::test_blood_pressure_is_not_emergency PASSED [ 26%]
backend/tests/test_assistant.py::test_project_question_no_emergency_banner_when_high_risk PASSED [ 26%]
backend/tests/test_auth.py::test_verify_id_token_none_without_admin_sdk PASSED [ 26%]
backend/tests/test_auth.py::test_valid_token_uid_is_authoritative PASSED [ 27%]
backend/tests/test_auth.py::test_invalid_token_returns_401 PASSED        [ 27%]
backend/tests/test_auth.py::test_no_token_demo_fallback_uses_active_uid PASSED [ 27%]
backend/tests/test_auth.py::test_require_auth_blocks_missing_token PASSED [ 28%]
backend/tests/test_auth.py::test_require_auth_allows_valid_token PASSED  [ 28%]
backend/tests/test_auth.py::test_bootstrap_creates_profile_and_goals PASSED [ 28%]
backend/tests/test_auth.py::test_bootstrap_500_when_write_does_not_persist PASSED [ 29%]
backend/tests/test_auth.py::test_bootstrap_check_reports_existence PASSED [ 29%]
backend/tests/test_auth.py::test_bootstrap_is_idempotent_and_preserves_data PASSED [ 29%]
backend/tests/test_auth.py::test_bootstrap_uses_token_uid_not_body PASSED [ 30%]
backend/tests/test_auth.py::test_bootstrap_invalid_token_401 PASSED      [ 30%]
backend/tests/test_auth.py::test_chat_uses_token_uid PASSED              [ 30%]
backend/tests/test_auth.py::test_signup_flow_creates_rtdb_profile_and_goals PASSED [ 31%]
backend/tests/test_auth.py::test_signup_bootstrap_with_invalid_token_returns_401 PASSED [ 31%]
backend/tests/test_auth.py::test_bootstrap_idempotent_on_second_call PASSED [ 31%]
backend/tests/test_auth_profile.py::test_bootstrap_new_user_creates_minimal_incomplete PASSED [ 32%]
backend/tests/test_auth_profile.py::test_bootstrap_creates_no_telemetry_or_history PASSED [ 32%]
backend/tests/test_auth_profile.py::test_profile_me_completes_profile PASSED [ 32%]
backend/tests/test_auth_profile.py::test_login_bootstrap_complete_profile_no_onboarding PASSED [ 33%]
backend/tests/test_auth_profile.py::test_login_bootstrap_incomplete_profile_needs_onboarding PASSED [ 33%]
backend/tests/test_auth_profile.py::test_bootstrap_does_not_overwrite_existing PASSED [ 33%]
backend/tests/test_auth_profile.py::test_me_reports_missing_fields PASSED [ 33%]
backend/tests/test_auth_profile.py::test_invalid_token_returns_401 PASSED [ 34%]
backend/tests/test_auth_profile.py::test_profile_me_validation_rejects_bad_fields PASSED [ 34%]
backend/tests/test_auth_profile.py::test_legacy_user_with_required_fields_is_complete PASSED [ 34%]
backend/tests/test_auth_profile.py::test_legacy_height_weight_aliases_accepted PASSED [ 35%]
backend/tests/test_auth_profile.py::test_real_shape_profile_complete_without_flag PASSED [ 35%]
backend/tests/test_auth_profile.py::test_bootstrap_backfills_completion_flags PASSED [ 35%]
backend/tests/test_auth_profile.py::test_missing_height_cm_needs_onboarding PASSED [ 36%]
backend/tests/test_auth_profile.py::test_missing_weight_kg_needs_onboarding PASSED [ 36%]
backend/tests/test_chat_firebase.py::test_chat_current_hr_from_firebase PASSED [ 36%]
backend/tests/test_chat_firebase.py::test_chat_temperature_converted_to_celsius PASSED [ 37%]
backend/tests/test_chat_firebase.py::test_chat_blood_pressure_from_firebase PASSED [ 37%]
backend/tests/test_chat_firebase.py::test_chat_fall_question_uses_fall_alert PASSED [ 37%]
backend/tests/test_chat_firebase.py::test_chat_says_firebase_live_when_connected PASSED [ 38%]
backend/tests/test_chat_firebase.py::test_chat_discloses_stale_reading PASSED [ 38%]
backend/tests/test_chat_firebase.py::test_chat_discloses_disconnected_bracelet PASSED [ 38%]
backend/tests/test_chat_firebase.py::test_chat_battery_from_firebase PASSED [ 39%]
backend/tests/test_chat_safety.py::test_refuses_diagnosis PASSED         [ 39%]
backend/tests/test_chat_safety.py::test_refuses_medication_advice PASSED [ 39%]
backend/tests/test_chat_safety.py::test_explains_current_alert_safely PASSED [ 40%]
backend/tests/test_chat_safety.py::test_alert_explain_no_current_alert PASSED [ 40%]
backend/tests/test_chat_safety.py::test_says_firebase_live_when_connected PASSED [ 40%]
backend/tests/test_chat_safety.py::test_never_says_simulator_when_firebase PASSED [ 40%]
backend/tests/test_chat_safety.py::test_missing_value_not_invented PASSED [ 41%]
backend/tests/test_chatbot.py::test_chat_returns_safe_reply_with_no_telemetry PASSED [ 41%]
backend/tests/test_chatbot.py::test_chat_uses_latest_telemetry_when_available PASSED [ 41%]
backend/tests/test_chatbot.py::test_chat_high_risk_emergency_language PASSED [ 42%]
backend/tests/test_chatbot.py::test_chat_empty_message_handled PASSED    [ 42%]
backend/tests/test_chatbot.py::test_chat_returns_suggestions PASSED      [ 42%]
backend/tests/test_chatbot.py::test_chat_intent_is_classified PASSED     [ 43%]
backend/tests/test_chatbot.py::test_chat_symptom_returns_playbook PASSED [ 43%]
backend/tests/test_chatbot.py::test_chat_repeated_text_collapsed PASSED  [ 43%]
backend/tests/test_chatbot.py::test_chat_no_doctor_disclaimer_in_reply PASSED [ 44%]
backend/tests/test_chatbot.py::test_chat_safety_high_risk_prepends_emergency PASSED [ 44%]
backend/tests/test_chatbot.py::test_legacy_chat_route_still_works PASSED [ 44%]
backend/tests/test_contract.py::test_fahrenheit_to_celsius_body_temp PASSED [ 45%]
backend/tests/test_contract.py::test_fahrenheit_impossible_value_is_none PASSED [ 45%]
backend/tests/test_contract.py::test_legacy_celsius_accepted PASSED      [ 45%]
backend/tests/test_contract.py::test_coerce_bool PASSED                  [ 46%]
backend/tests/test_contract.py::test_normalize_valid_firebase_reading PASSED [ 46%]
backend/tests/test_contract.py::test_numeric_risk_and_stress_mapped_with_raw_kept PASSED [ 46%]
backend/tests/test_contract.py::test_unknown_numeric_label_keeps_raw PASSED [ 46%]
backend/tests/test_contract.py::test_invalid_hr_spo2_temp_nulled PASSED  [ 47%]
backend/tests/test_contract.py::test_device_status_connected_stale_disconnected PASSED [ 47%]
backend/tests/test_contract.py::test_future_timestamp_clamped_to_connected PASSED [ 47%]
backend/tests/test_contract.py::test_missing_reading_is_unavailable PASSED [ 48%]
backend/tests/test_contract.py::test_normalize_history_sorts_and_keeps_rows PASSED [ 48%]
backend/tests/test_endpoints.py::test_health_endpoint PASSED             [ 48%]
backend/tests/test_endpoints.py::test_metrics_endpoint PASSED            [ 49%]
backend/tests/test_endpoints.py::test_post_telemetry_valid PASSED        [ 49%]
backend/tests/test_endpoints.py::test_post_telemetry_invalid_input PASSED [ 49%]
backend/tests/test_endpoints.py::test_post_telemetry_missing_field PASSED [ 50%]
backend/tests/test_endpoints.py::test_high_risk_creates_alert PASSED     [ 50%]
backend/tests/test_endpoints.py::test_history_returns_inserts PASSED     [ 50%]
backend/tests/test_endpoints.py::test_low_battery_creates_device_alert PASSED [ 51%]
backend/tests/test_endpoints.py::test_healthy_battery_raises_no_low_battery_alert PASSED [ 51%]
backend/tests/test_endpoints.py::test_simulate_endpoint PASSED           [ 51%]
backend/tests/test_endpoints.py::test_simulate_modes_listed PASSED       [ 52%]
backend/tests/test_endpoints.py::test_simulate_with_mode PASSED          [ 52%]
backend/tests/test_endpoints.py::test_simulate_low_battery_mode_triggers_device_alert PASSED [ 52%]
backend/tests/test_endpoints.py::test_simulate_invalid_mode_rejected PASSED [ 53%]
backend/tests/test_endpoints.py::test_reports_daily_summarizes_history PASSED [ 53%]
backend/tests/test_endpoints.py::test_reports_weekly_empty_user PASSED   [ 53%]
backend/tests/test_endpoints.py::test_reports_export_csv PASSED          [ 53%]
backend/tests/test_endpoints.py::test_predict_stress_endpoint PASSED     [ 54%]
backend/tests/test_endpoints.py::test_predict_stress_rejects_bad_input PASSED [ 54%]
backend/tests/test_endpoints.py::test_chat_uses_client_live_vitals_for_current_hr PASSED [ 54%]
backend/tests/test_endpoints.py::test_chat_typo_write_now_is_understood PASSED [ 55%]
backend/tests/test_endpoints.py::test_chat_discloses_simulated_source PASSED [ 55%]
backend/tests/test_endpoints.py::test_chat_no_vitals_clear_fallback PASSED [ 55%]
backend/tests/test_endpoints.py::test_chat_repeated_prompt_uses_latest_not_cached PASSED [ 56%]
backend/tests/test_endpoints.py::test_chat_spo2_matches_live PASSED      [ 56%]
backend/tests/test_endpoints.py::test_chat_temperature_typo_matches_live PASSED [ 56%]
backend/tests/test_endpoints.py::test_chat_oxegen_typo_understood PASSED [ 57%]
backend/tests/test_endpoints.py::test_chat_battery_matches_live PASSED   [ 57%]
backend/tests/test_endpoints.py::test_chat_activity_matches_live PASSED  [ 57%]
backend/tests/test_endpoints.py::test_chat_stress_matches_model PASSED   [ 58%]
backend/tests/test_endpoints.py::test_chat_risk_matches_dashboard_value PASSED [ 58%]
backend/tests/test_endpoints.py::test_chat_summarize_uses_live_values PASSED [ 58%]
backend/tests/test_endpoints.py::test_vitals_latest_normalized_contract PASSED [ 59%]
backend/tests/test_endpoints.py::test_vitals_latest_no_data_is_unavailable PASSED [ 59%]
backend/tests/test_endpoints.py::test_chat_reports_telemetry_origin_client_live PASSED [ 59%]
backend/tests/test_endpoints.py::test_chat_telemetry_origin_none_when_no_data PASSED [ 60%]
backend/tests/test_endpoints.py::test_unknown_route_returns_envelope PASSED [ 60%]
backend/tests/test_endpoints.py::test_request_id_header_present PASSED   [ 60%]
backend/tests/test_firebase_fallback.py::test_fallback_when_no_credentials PASSED [ 60%]
backend/tests/test_firebase_fallback.py::test_round_trip_latest PASSED   [ 61%]
backend/tests/test_firebase_fallback.py::test_history_push_and_read PASSED [ 61%]
backend/tests/test_firebase_fallback.py::test_alerts_push_and_read PASSED [ 61%]
backend/tests/test_firebase_fallback.py::test_fallback_isolates_users PASSED [ 62%]
backend/tests/test_freshness.py::test_recent_sensor_timestamp_is_connected PASSED [ 62%]
backend/tests/test_freshness.py::test_misaligned_old_timestamp_but_observed_now_is_connected PASSED [ 62%]
backend/tests/test_freshness.py::test_both_old_is_disconnected PASSED    [ 63%]
backend/tests/test_freshness.py::test_observed_change_ages_into_stale_then_disconnected PASSED [ 63%]
backend/tests/test_freshness.py::test_far_future_sensor_timestamp_is_ignored PASSED [ 63%]
backend/tests/test_freshness.py::test_no_signal_is_unknown PASSED        [ 64%]
backend/tests/test_freshness.py::test_observe_latest_first_sight_does_not_confirm_fresh PASSED [ 64%]
backend/tests/test_freshness.py::test_observe_latest_marks_fresh_on_change PASSED [ 64%]
backend/tests/test_freshness.py::test_live_feed_becomes_connected_after_a_change PASSED [ 65%]
backend/tests/test_freshness.py::test_vitals_latest_has_no_store_headers PASSED [ 65%]
backend/tests/test_freshness.py::test_device_status_reports_freshness_basis PASSED [ 65%]
backend/tests/test_freshness.py::test_firebase_mode_never_uses_simulator PASSED [ 66%]
backend/tests/test_freshness.py::test_unavailable_response_is_consistent PASSED [ 66%]
backend/tests/test_medical_slm.py::test_default_adapter_is_lightweight_folder PASSED [ 66%]
backend/tests/test_medical_slm.py::test_adapter_path_exists PASSED       [ 66%]
backend/tests/test_medical_slm.py::test_model_label_is_truthful_for_default_adapter PASSED [ 67%]
backend/tests/test_medical_slm.py::test_required_adapter_files_exist PASSED [ 67%]
backend/tests/test_medical_slm.py::test_prompt_builder_has_instruction_sections[None] PASSED [ 67%]
backend/tests/test_medical_slm.py::test_prompt_builder_has_instruction_sections[] PASSED [ 68%]
backend/tests/test_medical_slm.py::test_prompt_builder_has_instruction_sections[Patient is 40, non-smoker.] PASSED [ 68%]
backend/tests/test_medical_slm.py::test_prompt_builder_includes_question PASSED [ 68%]
backend/tests/test_medical_slm.py::test_rope_scaling_mirrors_rope_type_to_type PASSED [ 69%]
backend/tests/test_medical_slm.py::test_rope_scaling_mirrors_type_to_rope_type PASSED [ 69%]
backend/tests/test_medical_slm.py::test_rope_scaling_keeps_both_and_does_not_mutate_original PASSED [ 69%]
backend/tests/test_medical_slm.py::test_rope_scaling_passthrough_for_non_dict PASSED [ 70%]
backend/tests/test_medical_slm.py::test_effective_rope_scaling_collapses_default_to_none PASSED [ 70%]
backend/tests/test_medical_slm.py::test_effective_rope_scaling_keeps_real_phi3_type PASSED [ 70%]
backend/tests/test_medical_slm.py::test_effective_rope_scaling_none_for_non_dict PASSED [ 71%]
backend/tests/test_medical_slm.py::test_is_phi3_detection PASSED         [ 71%]
backend/tests/test_medical_slm.py::test_default_tinyllama_base_is_not_treated_as_phi3 PASSED [ 71%]
backend/tests/test_medical_slm.py::test_safe_fallback_answer_is_conservative PASSED [ 72%]
backend/tests/test_medical_slm.py::test_endpoint_rejects_empty_question PASSED [ 72%]
backend/tests/test_medical_slm.py::test_endpoint_returns_safe_fallback_on_generation_error PASSED [ 72%]
backend/tests/test_medical_slm.py::test_endpoint_returns_503_when_adapter_missing PASSED [ 73%]
backend/tests/test_medical_slm.py::test_endpoint_success_path_with_mocked_model PASSED [ 73%]
backend/tests/test_medical_slm.py::test_demo_mode_enabled_truthy[true] PASSED [ 73%]
backend/tests/test_medical_slm.py::test_demo_mode_enabled_truthy[1] PASSED [ 73%]
backend/tests/test_medical_slm.py::test_demo_mode_enabled_truthy[yes] PASSED [ 74%]
backend/tests/test_medical_slm.py::test_demo_mode_enabled_truthy[on] PASSED [ 74%]
backend/tests/test_medical_slm.py::test_demo_mode_enabled_truthy[TRUE] PASSED [ 74%]
backend/tests/test_medical_slm.py::test_demo_mode_enabled_truthy[On] PASSED [ 75%]
backend/tests/test_medical_slm.py::test_demo_mode_disabled_for_falsey[] PASSED [ 75%]
backend/tests/test_medical_slm.py::test_demo_mode_disabled_for_falsey[false] PASSED [ 75%]
backend/tests/test_medical_slm.py::test_demo_mode_disabled_for_falsey[0] PASSED [ 76%]
backend/tests/test_medical_slm.py::test_demo_mode_disabled_for_falsey[no] PASSED [ 76%]
backend/tests/test_medical_slm.py::test_demo_mode_disabled_for_falsey[off] PASSED [ 76%]
backend/tests/test_medical_slm.py::test_demo_mode_disabled_when_unset PASSED [ 77%]
backend/tests/test_medical_slm.py::test_endpoint_demo_mode_returns_fallback_without_loading PASSED [ 77%]
backend/tests/test_medical_slm.py::test_endpoint_demo_mode_still_rejects_empty_question PASSED [ 77%]
backend/tests/test_medical_slm.py::test_is_degenerate_flags_bad_output[] PASSED [ 78%]
backend/tests/test_medical_slm.py::test_is_degenerate_flags_bad_output[   ] PASSED [ 78%]
backend/tests/test_medical_slm.py::test_is_degenerate_flags_bad_output[Rome Rome Rome Rome Rome] PASSED [ 78%]
backend/tests/test_medical_slm.py::test_is_degenerate_flags_bad_output[Rome Rome Rome Rome Rome Rome Rome Rome] PASSED [ 79%]
backend/tests/test_medical_slm.py::test_is_degenerate_flags_bad_output[the the the the the the the the the the] PASSED [ 79%]
backend/tests/test_medical_slm.py::test_is_degenerate_flags_bad_output[.....  ---- ;;;; ....] PASSED [ 79%]
backend/tests/test_medical_slm.py::test_is_degenerate_flags_bad_output[ok ok ok ok ok ok ok done] PASSED [ 80%]
backend/tests/test_medical_slm.py::test_is_degenerate_passes_normal_answers[Rest, stay hydrated, and monitor your symptoms. If the fever lasts more than a few days or you have trouble breathing, please see a doctor.] PASSED [ 80%]
backend/tests/test_medical_slm.py::test_is_degenerate_passes_normal_answers[A sore throat and mild fever are often caused by a viral infection. Drink fluids, rest, and consider over-the-counter pain relief. See a doctor if symptoms worsen.] PASSED [ 80%]
backend/tests/test_medical_slm.py::test_is_degenerate_passes_normal_answers[This could be a common cold. Monitor for high fever or difficulty breathing and seek care if they appear.] PASSED [ 80%]
backend/tests/test_medical_slm.py::test_endpoint_degenerate_output_returns_safe_fallback PASSED [ 81%]
backend/tests/test_medical_slm.py::test_degenerate_error_is_runtime_error_subclass PASSED [ 81%]
backend/tests/test_medical_slm.py::test_warmup_is_noop_in_demo_mode PASSED [ 81%]
backend/tests/test_ml.py::test_stress_classifier_stub_when_package_missing PASSED [ 82%]
backend/tests/test_ml.py::test_stress_classifier_available_when_package_present SKIPPED [ 82%]
backend/tests/test_ml.py::test_stress_classifier_rejects_wrong_length_vector PASSED [ 82%]
backend/tests/test_ml.py::test_stress_classifier_predicts_from_vector SKIPPED [ 83%]
backend/tests/test_ml.py::test_risk_classifier_stub_returns_none_when_unloaded PASSED [ 83%]
backend/tests/test_ml.py::test_anomaly_detector_stub_returns_none PASSED [ 83%]
backend/tests/test_ml.py::test_intent_classifier_stub_returns_none PASSED [ 84%]
backend/tests/test_ml.py::test_risk_classifier_normal_reading SKIPPED    [ 84%]
backend/tests/test_ml.py::test_risk_classifier_high_risk_reading SKIPPED [ 84%]
backend/tests/test_ml.py::test_anomaly_detector_low_score_for_healthy SKIPPED [ 85%]
backend/tests/test_ml.py::test_anomaly_detector_high_score_for_abnormal SKIPPED [ 85%]
backend/tests/test_ml.py::test_intent_classifier_status_check SKIPPED    [ 85%]
backend/tests/test_ml.py::test_intent_classifier_symptom SKIPPED (Ru...) [ 86%]
backend/tests/test_ml.py::test_intent_classifier_tip_request SKIPPED     [ 86%]
backend/tests/test_ml.py::test_intent_classifier_emergency SKIPPED (...) [ 86%]
backend/tests/test_ml.py::test_models_endpoint_returns_metrics SKIPPED   [ 86%]
backend/tests/test_ml.py::test_telemetry_response_includes_ml_section SKIPPED [ 87%]
backend/tests/test_rate_limit.py::test_chat_route_returns_429_after_cap PASSED [ 87%]
backend/tests/test_rate_limit.py::test_429_uses_standard_error_envelope PASSED [ 87%]
backend/tests/test_signup_sensor_flow.py::test_signup_with_profile_saves_complete PASSED [ 88%]
backend/tests/test_signup_sensor_flow.py::test_signup_creates_no_telemetry_or_history PASSED [ 88%]
backend/tests/test_signup_sensor_flow.py::test_bootstrap_invalid_profile_returns_400 PASSED [ 88%]
backend/tests/test_signup_sensor_flow.py::test_bootstrap_without_profile_body_preserves_existing PASSED [ 89%]
backend/tests/test_signup_sensor_flow.py::test_sensor_writes_under_explicit_uid PASSED [ 89%]
backend/tests/test_signup_sensor_flow.py::test_sensor_uses_device_pairing PASSED [ 89%]
backend/tests/test_signup_sensor_flow.py::test_sensor_no_target_user_returns_400 PASSED [ 90%]
backend/tests/test_signup_sensor_flow.py::test_sensor_write_failure_returns_500 PASSED [ 90%]
backend/tests/test_signup_sensor_flow.py::test_fresh_telemetry_device_available PASSED [ 90%]
backend/tests/test_signup_sensor_flow.py::test_complete_profile_no_telemetry_is_not_onboarding PASSED [ 91%]
backend/tests/test_user_scoped.py::test_active_uid_from_env PASSED       [ 91%]
backend/tests/test_user_scoped.py::test_active_uid_query_overrides_env PASSED [ 91%]
backend/tests/test_user_scoped.py::test_active_uid_fallback_to_first_user_with_latest PASSED [ 92%]
backend/tests/test_user_scoped.py::test_unavailable_when_no_user PASSED  [ 92%]
backend/tests/test_user_scoped.py::test_new_fields_normalized PASSED     [ 92%]
backend/tests/test_user_scoped.py::test_temperature_f_converted_when_c_missing PASSED [ 93%]
backend/tests/test_user_scoped.py::test_temperature_c_preferred_over_f PASSED [ 93%]
backend/tests/test_user_scoped.py::test_device_connected_when_timestamp_recent PASSED [ 93%]
backend/tests/test_user_scoped.py::test_history_reads_user_history PASSED [ 93%]
backend/tests/test_user_scoped.py::test_profile_and_goals_endpoints PASSED [ 94%]
backend/tests/test_user_scoped.py::test_root_path_not_used_in_firebase_mode PASSED [ 94%]
backend/tests/test_user_scoped.py::test_chat_uses_user_scoped_latest PASSED [ 94%]
backend/tests/test_vitals_api.py::test_vitals_latest_from_firebase_root PASSED [ 95%]
backend/tests/test_vitals_api.py::test_vitals_latest_stale PASSED        [ 95%]
backend/tests/test_vitals_api.py::test_vitals_latest_disconnected PASSED [ 95%]
backend/tests/test_vitals_api.py::test_latest_missing_falls_back_to_last_history PASSED [ 96%]
backend/tests/test_vitals_api.py::test_invalid_values_nulled PASSED      [ 96%]
backend/tests/test_vitals_api.py::test_vitals_history_normalized PASSED  [ 96%]
backend/tests/test_vitals_api.py::test_vitals_window_aggregates PASSED   [ 97%]
backend/tests/test_vitals_api.py::test_device_status_endpoint PASSED     [ 97%]
backend/tests/test_vitals_api.py::test_alerts_fall_is_current_critical PASSED [ 97%]
backend/tests/test_vitals_api.py::test_alerts_current_vs_history_separation PASSED [ 98%]
backend/tests/test_vitals_api.py::test_alerts_abnormal_blood_pressure PASSED [ 98%]
backend/tests/test_vitals_api.py::test_reports_daily_firebase_backed PASSED [ 98%]
backend/tests/test_vitals_api.py::test_reports_daily_insufficient_history PASSED [ 99%]
backend/tests/test_wesad_model_package.py::test_package_folder_exists PASSED [ 99%]
backend/tests/test_wesad_model_package.py::test_sample_input_exists PASSED [ 99%]
backend/tests/test_wesad_model_package.py::test_predict_stress_returns_expected_dict SKIPPED [100%]

======================= 302 passed, 13 skipped in 6.58s =======================
